[debug] [2022-05-06T12:51:45.110Z] ----------------------------------------------------------------------
[debug] [2022-05-06T12:51:45.112Z] Command:       C:\Users\LiorZana\AppData\Roaming\npm\node_modules\node-win-x64\bin\node.exe C:\Users\LiorZana\AppData\Roaming\npm\node_modules\firebase-tools\lib\bin\firebase.js init
[debug] [2022-05-06T12:51:45.112Z] CLI Version:   10.2.1
[debug] [2022-05-06T12:51:45.112Z] Platform:      win32
[debug] [2022-05-06T12:51:45.112Z] Node Version:  v14.17.6
[debug] [2022-05-06T12:51:45.113Z] Time:          Fri May 06 2022 15:51:45 GMT+0300 (Israel Daylight Time)
[debug] [2022-05-06T12:51:45.113Z] ----------------------------------------------------------------------
[debug] 
[debug] [2022-05-06T12:51:45.170Z] > command requires scopes: ["email","openid","https://www.googleapis.com/auth/cloudplatformprojects.readonly","https://www.googleapis.com/auth/firebase","https://www.googleapis.com/auth/cloud-platform"]
[debug] [2022-05-06T12:51:45.170Z] > authorizing via signed-in user (liorzana@gmail.com)
[info] 
     ######## #### ########  ######## ########     ###     ######  ########
     ##        ##  ##     ## ##       ##     ##  ##   ##  ##       ##
     ######    ##  ########  ######   ########  #########  ######  ######
     ##        ##  ##    ##  ##       ##     ## ##     ##       ## ##
     ##       #### ##     ## ######## ########  ##     ##  ######  ########

You're about to initialize a Firebase project in this directory:

  C:\src\propdoassignment

Before we get started, keep in mind:

  * You are currently outside your home directory
  * You are initializing within an existing Firebase project directory

